2025-01-28T11:41:14.483Z [INFO]: Server running on port 3000
2025-01-28T11:41:14.793Z [INFO]: Database synced successfully!
2025-01-28T11:43:23.152Z [INFO]: Server running on port 3000
2025-01-28T11:43:23.259Z [INFO]: Database synced successfully!
2025-01-28T11:43:24.444Z [INFO]: Incoming request: GET /api/v1/users
2025-01-28T11:48:31.825Z [INFO]: Server running on port 3000
2025-01-28T11:48:31.920Z [INFO]: Database synced successfully!
2025-01-28T11:48:33.686Z [INFO]: Incoming request: GET /api/v1/users/auth/login
2025-01-28T11:51:18.039Z [INFO]: Incoming request: POST /api/v1/users
2025-01-28T11:53:52.839Z [INFO]: Server running on port 3000
2025-01-28T11:53:52.959Z [INFO]: Database synced successfully!
2025-01-28T11:53:55.997Z [INFO]: Incoming request: POST /api/v1/users
2025-01-28T11:54:10.781Z [INFO]: Server running on port 3000
2025-01-28T11:54:11.017Z [INFO]: Database synced successfully!
2025-01-28T11:54:58.004Z [INFO]: Incoming request: POST /aapi/v1/users/auth/login
2025-01-28T11:55:08.507Z [INFO]: Incoming request: POST /aapi/v1/users/auth/login
2025-01-28T11:55:51.628Z [INFO]: Incoming request: POST /api/v1/users/auth/login
2025-01-28T11:55:51.815Z [INFO]: User with email anudeepbonasu97@gmail.com logged in successfully
2025-01-28T11:58:07.375Z [INFO]: Incoming request: GET /api/v1/users
2025-01-28T11:58:13.484Z [INFO]: Incoming request: GET /api/v1/users
2025-01-28T11:58:19.711Z [INFO]: Incoming request: GET /api/v1/users
2025-01-28T12:10:03.670Z [INFO]: Server running on port 3000
2025-01-28T12:10:03.819Z [INFO]: Database synced successfully!
2025-01-28T15:55:03.241Z [INFO]: Server running on port 3000
2025-01-28T15:55:03.386Z [INFO]: Database synced successfully!
2025-01-28T15:55:23.039Z [INFO]: Incoming request: GET /api/v1/users/auth/login
2025-01-28T15:56:05.161Z [INFO]: Incoming request: GET /api/v1/users/auth/login
2025-01-28T15:56:12.643Z [INFO]: Incoming request: POST /api/v1/users/auth/login
2025-01-28T15:56:12.847Z [INFO]: User with email anudeepbonasu97@gmail.com logged in successfully
2025-01-28T15:56:16.219Z [INFO]: Incoming request: POST /api/v1/users/auth/login
2025-01-28T15:56:16.280Z [WARN]: Login attempt failed: Incorrect password for email anudeepbonasu97@gmail.com
2025-01-28T15:56:17.632Z [INFO]: Incoming request: POST /api/v1/users/auth/login
2025-01-28T15:56:17.696Z [WARN]: Login attempt failed: Incorrect password for email anudeepbonasu97@gmail.com
2025-01-28T15:56:18.707Z [INFO]: Incoming request: POST /api/v1/users/auth/login
2025-01-28T15:56:18.774Z [WARN]: Login attempt failed: Incorrect password for email anudeepbonasu97@gmail.com
2025-01-28T15:56:19.688Z [INFO]: Incoming request: POST /api/v1/users/auth/login
2025-01-28T15:56:19.751Z [WARN]: Login attempt failed: Incorrect password for email anudeepbonasu97@gmail.com
2025-01-28T15:56:20.465Z [INFO]: Incoming request: POST /api/v1/users/auth/login
2025-01-28T15:56:20.554Z [WARN]: Login attempt failed: Incorrect password for email anudeepbonasu97@gmail.com
2025-01-28T15:56:21.083Z [INFO]: Incoming request: POST /api/v1/users/auth/login
2025-01-28T15:56:21.155Z [WARN]: Login attempt failed: Incorrect password for email anudeepbonasu97@gmail.com
2025-01-28T15:56:21.702Z [INFO]: Incoming request: POST /api/v1/users/auth/login
2025-01-28T15:56:21.788Z [WARN]: Login attempt failed: Incorrect password for email anudeepbonasu97@gmail.com
2025-01-28T15:56:22.307Z [INFO]: Incoming request: POST /api/v1/users/auth/login
2025-01-28T15:56:22.408Z [WARN]: Login attempt failed: Incorrect password for email anudeepbonasu97@gmail.com
2025-01-28T15:56:23.148Z [INFO]: Incoming request: POST /api/v1/users/auth/login
2025-01-28T15:56:23.227Z [WARN]: Login attempt failed: Incorrect password for email anudeepbonasu97@gmail.com
2025-01-28T15:56:43.304Z [INFO]: Incoming request: POST /api/v1/users/auth/login
2025-01-28T15:56:43.467Z [WARN]: Login attempt failed: Incorrect password for email anudeepbonasu97@gmail.com
2025-01-28T15:57:56.512Z [INFO]: Server running on port 3000
2025-01-28T15:57:56.611Z [INFO]: Database synced successfully!
2025-01-28T15:58:00.678Z [INFO]: Incoming request: POST /api/v1/users/auth/login
2025-01-28T15:58:00.830Z [WARN]: Login attempt failed: Incorrect password for email anudeepbonasu97@gmail.com
2025-01-28T15:58:04.621Z [INFO]: Incoming request: POST /api/v1/users/auth/login
2025-01-28T15:58:04.695Z [WARN]: Login attempt failed: Incorrect password for email anudeepbonasu97@gmail.com
2025-01-28T15:58:05.348Z [INFO]: Incoming request: POST /api/v1/users/auth/login
2025-01-28T15:58:05.412Z [WARN]: Login attempt failed: Incorrect password for email anudeepbonasu97@gmail.com
2025-01-28T15:58:05.995Z [INFO]: Incoming request: POST /api/v1/users/auth/login
2025-01-28T15:58:06.068Z [WARN]: Login attempt failed: Incorrect password for email anudeepbonasu97@gmail.com
2025-01-28T15:58:06.587Z [INFO]: Incoming request: POST /api/v1/users/auth/login
2025-01-28T15:58:06.672Z [WARN]: Login attempt failed: Incorrect password for email anudeepbonasu97@gmail.com
2025-01-28T15:58:07.205Z [INFO]: Incoming request: POST /api/v1/users/auth/login
2025-01-28T15:58:07.280Z [WARN]: Login attempt failed: Incorrect password for email anudeepbonasu97@gmail.com
2025-01-28T15:58:07.746Z [INFO]: Incoming request: POST /api/v1/users/auth/login
2025-01-28T15:58:07.836Z [WARN]: Login attempt failed: Incorrect password for email anudeepbonasu97@gmail.com
2025-01-28T15:58:08.291Z [INFO]: Incoming request: POST /api/v1/users/auth/login
2025-01-28T15:58:08.367Z [WARN]: Login attempt failed: Incorrect password for email anudeepbonasu97@gmail.com
2025-01-28T15:58:08.828Z [INFO]: Incoming request: POST /api/v1/users/auth/login
2025-01-28T15:58:08.897Z [WARN]: Login attempt failed: Incorrect password for email anudeepbonasu97@gmail.com
2025-01-28T15:58:09.355Z [INFO]: Incoming request: POST /api/v1/users/auth/login
2025-01-28T15:58:09.408Z [WARN]: Login attempt failed: Incorrect password for email anudeepbonasu97@gmail.com
2025-01-28T15:58:09.895Z [INFO]: Incoming request: POST /api/v1/users/auth/login
2025-01-28T15:58:09.947Z [WARN]: Login attempt failed: Incorrect password for email anudeepbonasu97@gmail.com
2025-01-28T16:01:14.920Z [INFO]: Server running on port 3000
2025-01-28T16:01:15.002Z [INFO]: Database synced successfully!
2025-01-28T16:01:17.899Z [INFO]: Incoming request: POST /api/v1/users/auth/login
2025-01-28T16:01:18.052Z [WARN]: Login attempt failed: Incorrect password for email anudeepbonasu97@gmail.com
2025-01-28T16:01:18.581Z [INFO]: Incoming request: POST /api/v1/users/auth/login
2025-01-28T16:01:18.648Z [WARN]: Login attempt failed: Incorrect password for email anudeepbonasu97@gmail.com
2025-01-28T16:01:19.298Z [INFO]: Incoming request: POST /api/v1/users/auth/login
2025-01-28T16:01:19.369Z [WARN]: Login attempt failed: Incorrect password for email anudeepbonasu97@gmail.com
2025-01-28T16:01:20.086Z [INFO]: Incoming request: POST /api/v1/users/auth/login
2025-01-28T16:01:20.158Z [WARN]: Login attempt failed: Incorrect password for email anudeepbonasu97@gmail.com
2025-01-28T16:01:20.614Z [INFO]: Incoming request: POST /api/v1/users/auth/login
2025-01-28T16:01:20.688Z [WARN]: Login attempt failed: Incorrect password for email anudeepbonasu97@gmail.com
2025-01-28T16:01:21.123Z [INFO]: Incoming request: POST /api/v1/users/auth/login
2025-01-28T16:01:21.198Z [WARN]: Login attempt failed: Incorrect password for email anudeepbonasu97@gmail.com
2025-01-28T16:01:21.652Z [INFO]: Incoming request: POST /api/v1/users/auth/login
2025-01-28T16:01:21.732Z [WARN]: Login attempt failed: Incorrect password for email anudeepbonasu97@gmail.com
2025-01-28T16:01:22.171Z [INFO]: Incoming request: POST /api/v1/users/auth/login
2025-01-28T16:01:22.332Z [WARN]: Login attempt failed: Incorrect password for email anudeepbonasu97@gmail.com
2025-01-28T16:01:22.820Z [INFO]: Incoming request: POST /api/v1/users/auth/login
2025-01-28T16:01:22.899Z [WARN]: Login attempt failed: Incorrect password for email anudeepbonasu97@gmail.com
2025-01-28T16:01:23.384Z [INFO]: Incoming request: POST /api/v1/users/auth/login
2025-01-28T16:01:23.451Z [WARN]: Login attempt failed: Incorrect password for email anudeepbonasu97@gmail.com
2025-01-28T16:01:23.905Z [INFO]: Incoming request: POST /api/v1/users/auth/login
2025-01-28T16:01:23.984Z [WARN]: Login attempt failed: Incorrect password for email anudeepbonasu97@gmail.com
2025-03-08T01:51:11.623Z [INFO]: Server running on port 3000
2025-03-08T01:51:11.742Z [INFO]: Database synced successfully!
2025-03-08T01:54:51.712Z [INFO]: Incoming request: POST /api/v1/users/auth/login
2025-03-08T01:54:51.918Z [WARN]: Login attempt failed: Incorrect password for email anudeepbonasu97@gmail.com
2025-03-08T01:55:40.259Z [INFO]: Incoming request: POST /api/v1/users/auth/login
2025-03-08T01:55:40.595Z [INFO]: User with email anudeepbonasu97@gmail.com logged in successfully
2025-03-08T01:55:55.652Z [INFO]: Incoming request: POST /api/v1/users/auth/login
2025-03-08T01:55:55.786Z [INFO]: User with email anudeepbonasu97@gmail.com logged in successfully
2025-03-08T01:55:56.582Z [INFO]: Incoming request: POST /api/v1/users/auth/login
2025-03-08T01:55:56.639Z [INFO]: User with email anudeepbonasu97@gmail.com logged in successfully
2025-03-08T01:55:57.155Z [INFO]: Incoming request: POST /api/v1/users/auth/login
2025-03-08T01:55:57.232Z [INFO]: User with email anudeepbonasu97@gmail.com logged in successfully
2025-03-08T01:55:57.661Z [INFO]: Incoming request: POST /api/v1/users/auth/login
2025-03-08T01:55:57.755Z [INFO]: User with email anudeepbonasu97@gmail.com logged in successfully
2025-03-08T01:55:58.092Z [INFO]: Incoming request: POST /api/v1/users/auth/login
2025-03-08T01:55:58.189Z [INFO]: User with email anudeepbonasu97@gmail.com logged in successfully
2025-03-08T01:55:58.350Z [INFO]: Incoming request: POST /api/v1/users/auth/login
2025-03-08T01:55:58.438Z [INFO]: User with email anudeepbonasu97@gmail.com logged in successfully
2025-03-08T01:55:58.555Z [INFO]: Incoming request: POST /api/v1/users/auth/login
2025-03-08T01:55:58.642Z [INFO]: User with email anudeepbonasu97@gmail.com logged in successfully
2025-03-08T01:55:58.733Z [INFO]: Incoming request: POST /api/v1/users/auth/login
2025-03-08T01:55:58.789Z [INFO]: User with email anudeepbonasu97@gmail.com logged in successfully
2025-03-08T01:55:58.952Z [INFO]: Incoming request: POST /api/v1/users/auth/login
2025-03-08T01:55:59.032Z [INFO]: User with email anudeepbonasu97@gmail.com logged in successfully
2025-03-08T01:55:59.123Z [INFO]: Incoming request: POST /api/v1/users/auth/login
2025-03-08T01:55:59.203Z [INFO]: User with email anudeepbonasu97@gmail.com logged in successfully
2025-03-08T01:55:59.345Z [INFO]: Incoming request: POST /api/v1/users/auth/login
2025-03-08T01:55:59.446Z [INFO]: User with email anudeepbonasu97@gmail.com logged in successfully
2025-03-08T01:55:59.525Z [INFO]: Incoming request: POST /api/v1/users/auth/login
2025-03-08T01:55:59.602Z [INFO]: User with email anudeepbonasu97@gmail.com logged in successfully
2025-03-08T01:55:59.739Z [INFO]: Incoming request: POST /api/v1/users/auth/login
2025-03-08T01:55:59.845Z [INFO]: User with email anudeepbonasu97@gmail.com logged in successfully
2025-03-08T01:55:59.965Z [INFO]: Incoming request: POST /api/v1/users/auth/login
2025-03-08T01:56:00.025Z [INFO]: User with email anudeepbonasu97@gmail.com logged in successfully
2025-03-08T01:56:00.168Z [INFO]: Incoming request: POST /api/v1/users/auth/login
2025-03-08T01:56:00.268Z [INFO]: User with email anudeepbonasu97@gmail.com logged in successfully
2025-03-08T01:56:00.994Z [INFO]: Incoming request: POST /api/v1/users/auth/login
2025-03-08T01:56:01.074Z [INFO]: User with email anudeepbonasu97@gmail.com logged in successfully
2025-03-08T01:56:01.604Z [INFO]: Incoming request: POST /api/v1/users/auth/login
2025-03-08T01:56:01.690Z [INFO]: User with email anudeepbonasu97@gmail.com logged in successfully
2025-03-08T01:56:02.278Z [INFO]: Incoming request: POST /api/v1/users/auth/login
2025-03-08T01:56:02.351Z [INFO]: User with email anudeepbonasu97@gmail.com logged in successfully
2025-03-08T02:00:11.325Z [INFO]: Incoming request: POST /api/v1/users/auth/login
2025-03-08T02:00:11.460Z [WARN]: Login attempt failed: User with email admin@example.com not found
2025-03-08T02:11:01.491Z [INFO]: Incoming request: POST /api/v1/users
2025-03-08T02:11:18.287Z [INFO]: Incoming request: POST /api/v1/users
2025-03-08T02:13:37.589Z [INFO]: Incoming request: POST /api/v1/users/auth/login
2025-03-08T02:13:37.653Z [WARN]: Login attempt failed: Incorrect password for email trainer1@example.com
2025-03-08T02:17:18.872Z [INFO]: Incoming request: POST /api/v1/users/auth/login
2025-03-08T02:17:19.013Z [INFO]: User with email anudeepbonasu97@gmail.com logged in successfully
2025-03-08T02:18:02.921Z [INFO]: Incoming request: GET /api/v1/users
2025-03-08T02:19:00.128Z [INFO]: Incoming request: GET /api/v1/users/abb1a619-0a86-43f2-ba39-47ca68172ef3
2025-03-08T02:19:38.294Z [INFO]: Incoming request: POST /api/v1/users
2025-03-08T02:20:23.397Z [INFO]: Incoming request: PUT /api/v1/users/81e7262e-eada-4690-b4d9-8019500e529b
2025-03-08T02:20:55.030Z [INFO]: Incoming request: DELETE /api/v1/users/81e7262e-eada-4690-b4d9-8019500e529b
2025-03-08T02:21:44.913Z [INFO]: Incoming request: POST /api/v1/users/auth/login
2025-03-08T02:21:45.023Z [INFO]: User with email anudeepbonasu97@gmail.com logged in successfully
2025-03-08T02:22:25.157Z [INFO]: Incoming request: POST /api/v1/users/auth/refresh
2025-03-08T02:22:25.160Z [INFO]: Refresh token issued for user ID 8f76cc74-1a14-45b9-a28e-8ebec74e3ef0
2025-03-08T02:23:01.082Z [INFO]: Incoming request: POST /api/v1/users/auth/logout
2025-03-08T02:23:01.093Z [INFO]: User logged out successfully
2025-03-08T02:23:27.883Z [INFO]: Incoming request: POST /api/v1/users/auth/login
2025-03-08T02:23:28.018Z [WARN]: Login attempt failed: Incorrect password for email anudeepbonasu97@gmail.com
2025-03-08T02:23:29.191Z [INFO]: Incoming request: POST /api/v1/users/auth/login
2025-03-08T02:23:29.256Z [WARN]: Login attempt failed: Incorrect password for email anudeepbonasu97@gmail.com
2025-03-08T02:23:30.117Z [INFO]: Incoming request: POST /api/v1/users/auth/login
2025-03-08T02:23:30.186Z [WARN]: Login attempt failed: Incorrect password for email anudeepbonasu97@gmail.com
2025-03-08T02:23:30.945Z [INFO]: Incoming request: POST /api/v1/users/auth/login
2025-03-08T02:23:31.009Z [WARN]: Login attempt failed: Incorrect password for email anudeepbonasu97@gmail.com
2025-03-08T02:23:31.574Z [INFO]: Incoming request: POST /api/v1/users/auth/login
2025-03-08T02:23:31.659Z [WARN]: Login attempt failed: Incorrect password for email anudeepbonasu97@gmail.com
2025-03-08T02:23:32.168Z [INFO]: Incoming request: POST /api/v1/users/auth/login
2025-03-08T02:23:32.321Z [WARN]: Login attempt failed: Incorrect password for email anudeepbonasu97@gmail.com
2025-03-08T02:23:32.809Z [INFO]: Incoming request: POST /api/v1/users/auth/login
2025-03-08T02:23:32.910Z [WARN]: Login attempt failed: Incorrect password for email anudeepbonasu97@gmail.com
2025-03-08T02:23:33.355Z [INFO]: Incoming request: POST /api/v1/users/auth/login
2025-03-08T02:23:33.441Z [WARN]: Login attempt failed: Incorrect password for email anudeepbonasu97@gmail.com
2025-03-08T02:23:33.956Z [INFO]: Incoming request: POST /api/v1/users/auth/login
2025-03-08T02:23:34.031Z [WARN]: Login attempt failed: Incorrect password for email anudeepbonasu97@gmail.com
2025-03-08T02:23:34.604Z [INFO]: Incoming request: POST /api/v1/users/auth/login
2025-03-08T02:23:34.678Z [WARN]: Login attempt failed: Incorrect password for email anudeepbonasu97@gmail.com
2025-03-08T02:23:42.033Z [INFO]: Incoming request: POST /api/v1/users/auth/login
2025-03-08T02:23:42.284Z [WARN]: Login attempt failed: Incorrect password for email anudeepbonasu97@gmail.com
2025-03-08T02:23:42.352Z [INFO]: Incoming request: POST /api/v1/users/auth/login
2025-03-08T02:23:42.565Z [WARN]: Login attempt failed: Incorrect password for email anudeepbonasu97@gmail.com
2025-03-08T02:23:43.978Z [INFO]: Incoming request: POST /api/v1/users/auth/login
2025-03-08T02:23:44.160Z [WARN]: Login attempt failed: Incorrect password for email anudeepbonasu97@gmail.com
2025-03-08T02:23:44.707Z [INFO]: Incoming request: POST /api/v1/users/auth/login
2025-03-08T02:23:44.844Z [WARN]: Login attempt failed: Incorrect password for email anudeepbonasu97@gmail.com
2025-03-08T02:23:48.486Z [INFO]: Incoming request: POST /api/v1/users/auth/login
2025-03-08T02:23:48.560Z [WARN]: Login attempt failed: Incorrect password for email anudeepbonasu97@gmail.com
2025-03-08T02:23:49.017Z [INFO]: Incoming request: POST /api/v1/users/auth/login
2025-03-08T02:23:49.100Z [WARN]: Login attempt failed: Incorrect password for email anudeepbonasu97@gmail.com
2025-03-08T02:28:42.495Z [INFO]: Server running on port 3000
2025-03-08T02:28:42.654Z [INFO]: Database synced successfully!
2025-03-08T02:28:58.835Z [INFO]: Incoming request: POST /api/v1/users/auth/login
2025-03-08T02:28:59.351Z [WARN]: Login attempt failed: Incorrect password for email anudeepbonasu97@gmail.com
2025-03-08T02:29:00.413Z [INFO]: Incoming request: POST /api/v1/users/auth/login
2025-03-08T02:29:00.521Z [WARN]: Login attempt failed: Incorrect password for email anudeepbonasu97@gmail.com
2025-03-08T02:29:03.493Z [INFO]: Incoming request: POST /api/v1/users/auth/login
2025-03-08T02:29:03.576Z [WARN]: Login attempt failed: Incorrect password for email anudeepbonasu97@gmail.com
2025-03-08T02:29:05.122Z [INFO]: Incoming request: POST /api/v1/users/auth/login
2025-03-08T02:29:05.214Z [WARN]: Login attempt failed: Incorrect password for email anudeepbonasu97@gmail.com
2025-03-08T02:29:05.760Z [INFO]: Incoming request: POST /api/v1/users/auth/login
2025-03-08T02:29:05.859Z [WARN]: Login attempt failed: Incorrect password for email anudeepbonasu97@gmail.com
2025-03-08T02:29:06.444Z [INFO]: Incoming request: POST /api/v1/users/auth/login
2025-03-08T02:29:06.523Z [WARN]: Login attempt failed: Incorrect password for email anudeepbonasu97@gmail.com
2025-03-08T02:29:07.049Z [INFO]: Incoming request: POST /api/v1/users/auth/login
2025-03-08T02:29:07.137Z [WARN]: Login attempt failed: Incorrect password for email anudeepbonasu97@gmail.com
2025-03-08T02:29:07.736Z [INFO]: Incoming request: POST /api/v1/users/auth/login
2025-03-08T02:29:07.835Z [WARN]: Login attempt failed: Incorrect password for email anudeepbonasu97@gmail.com
2025-03-08T02:29:08.364Z [INFO]: Incoming request: POST /api/v1/users/auth/login
2025-03-08T02:29:08.459Z [WARN]: Login attempt failed: Incorrect password for email anudeepbonasu97@gmail.com
2025-03-08T02:29:09.458Z [INFO]: Incoming request: POST /api/v1/users/auth/login
2025-03-08T02:29:09.531Z [WARN]: Login attempt failed: Incorrect password for email anudeepbonasu97@gmail.com
2025-03-08T02:29:10.209Z [INFO]: Incoming request: POST /api/v1/users/auth/login
2025-03-08T02:29:10.312Z [WARN]: Login attempt failed: Incorrect password for email anudeepbonasu97@gmail.com
2025-03-08T02:29:11.801Z [INFO]: Incoming request: POST /api/v1/users/auth/login
2025-03-08T02:29:11.894Z [WARN]: Login attempt failed: Incorrect password for email anudeepbonasu97@gmail.com
2025-03-08T02:29:12.028Z [INFO]: Incoming request: POST /api/v1/users/auth/login
2025-03-08T02:29:12.109Z [WARN]: Login attempt failed: Incorrect password for email anudeepbonasu97@gmail.com
2025-03-08T02:29:12.954Z [INFO]: Incoming request: POST /api/v1/users/auth/login
2025-03-08T02:29:13.041Z [WARN]: Login attempt failed: Incorrect password for email anudeepbonasu97@gmail.com
2025-03-08T02:34:59.243Z [INFO]: Server running on port 3000
2025-03-08T02:34:59.349Z [INFO]: Database synced successfully!
2025-03-08T02:37:03.054Z [INFO]: Server running on port 3000
2025-03-08T02:37:03.191Z [INFO]: Database synced successfully!
2025-03-08T02:37:05.664Z [INFO]: Incoming request: POST /api/v1/users/auth/login
2025-03-08T02:37:05.843Z [WARN]: Login attempt failed: Incorrect password for email anudeepbonasu97@gmail.com from IP: ::ffff:127.0.0.1
2025-03-08T02:37:10.278Z [INFO]: Incoming request: POST /api/v1/users/auth/login
2025-03-08T02:37:10.359Z [WARN]: Login attempt failed: Incorrect password for email anudeepbonasu97@gmail.com from IP: ::ffff:127.0.0.1
2025-03-08T02:37:12.755Z [INFO]: Incoming request: POST /api/v1/users/auth/login
2025-03-08T02:37:12.849Z [WARN]: Login attempt failed: Incorrect password for email anudeepbonasu97@gmail.com from IP: ::ffff:127.0.0.1
2025-03-08T02:37:14.907Z [INFO]: Incoming request: POST /api/v1/users/auth/login
2025-03-08T02:37:14.981Z [WARN]: Login attempt failed: Incorrect password for email anudeepbonasu97@gmail.com from IP: ::ffff:127.0.0.1
2025-03-08T02:37:16.618Z [INFO]: Incoming request: POST /api/v1/users/auth/login
2025-03-08T02:37:16.715Z [WARN]: Login attempt failed: Incorrect password for email anudeepbonasu97@gmail.com from IP: ::ffff:127.0.0.1
2025-03-08T02:37:18.365Z [INFO]: Incoming request: POST /api/v1/users/auth/login
2025-03-08T02:37:18.444Z [WARN]: Login attempt failed: Incorrect password for email anudeepbonasu97@gmail.com from IP: ::ffff:127.0.0.1
2025-03-08T02:37:19.884Z [INFO]: Incoming request: POST /api/v1/users/auth/login
2025-03-08T02:37:19.963Z [WARN]: Login attempt failed: Incorrect password for email anudeepbonasu97@gmail.com from IP: ::ffff:127.0.0.1
2025-03-08T02:41:16.581Z [INFO]: Server running on port 3000
2025-03-08T02:41:16.742Z [INFO]: Database synced successfully!
2025-03-08T02:41:19.110Z [INFO]: Incoming request: POST /api/v1/users/auth/login from IP: ::ffff:127.0.0.1
2025-03-08T02:41:19.286Z [WARN]: Login attempt failed: Incorrect password for email anudeepbonasu97@gmail.com from IP: ::ffff:127.0.0.1
2025-03-08T02:44:17.793Z [INFO]: Server running on port 3000
2025-03-08T02:44:17.997Z [INFO]: Database synced successfully!
2025-03-08T02:44:26.643Z [INFO]: Incoming request: POST /api/v1/users/auth/login from IP: ::ffff:127.0.0.1
2025-03-08T02:44:26.840Z [WARN]: Login attempt failed: Incorrect password for email anudeepbonasu97@gmail.com from IP: ::ffff:127.0.0.1
2025-03-08T02:44:28.338Z [INFO]: Incoming request: POST /api/v1/users/auth/login from IP: ::ffff:127.0.0.1
2025-03-08T02:44:28.428Z [WARN]: Login attempt failed: Incorrect password for email anudeepbonasu97@gmail.com from IP: ::ffff:127.0.0.1
2025-03-08T02:46:15.089Z [INFO]: Server running on port 3000
2025-03-08T02:46:15.429Z [INFO]: Database synced successfully!
2025-03-08T02:46:18.270Z [INFO]: Incoming request: POST /api/v1/users/auth/login from IP: ::ffff:127.0.0.1
2025-03-08T02:46:18.438Z [WARN]: Login attempt failed: Incorrect password for email anudeepbonasu97@gmail.com from IP: ::ffff:127.0.0.1
2025-03-08T02:50:22.291Z [INFO]: Server running on port 3000
2025-03-08T02:50:22.493Z [INFO]: Database synced successfully!
2025-03-08T02:50:36.036Z [INFO]: Incoming request: GET /api/v1/users/auth/login from IP: ::ffff:127.0.0.1
2025-03-08T02:50:43.299Z [INFO]: Incoming request: POST /api/v1/users/auth/login from IP: ::ffff:127.0.0.1
2025-03-08T02:50:43.555Z [WARN]: Login attempt failed: Incorrect password for email anudeepbonasu97@gmail.com from IP: ::ffff:127.0.0.1
2025-03-08T02:50:44.506Z [INFO]: Incoming request: POST /api/v1/users/auth/login from IP: ::ffff:127.0.0.1
2025-03-08T02:50:44.636Z [WARN]: Login attempt failed: Incorrect password for email anudeepbonasu97@gmail.com from IP: ::ffff:127.0.0.1
2025-03-08T02:55:42.340Z [INFO]: Incoming request: POST /api/v1/auth/login from IP: ::ffff:127.0.0.1
2025-03-08T02:55:42.502Z [WARN]: Login attempt failed: Incorrect password for email anudeepbonasu97@gmail.com from IP: ::ffff:127.0.0.1
2025-03-08T02:55:43.173Z [INFO]: Incoming request: POST /api/v1/auth/login from IP: ::ffff:127.0.0.1
2025-03-08T02:55:43.258Z [WARN]: Login attempt failed: Incorrect password for email anudeepbonasu97@gmail.com from IP: ::ffff:127.0.0.1
2025-03-08T02:55:43.790Z [INFO]: Incoming request: POST /api/v1/auth/login from IP: ::ffff:127.0.0.1
2025-03-08T02:55:43.856Z [WARN]: Login attempt failed: Incorrect password for email anudeepbonasu97@gmail.com from IP: ::ffff:127.0.0.1
2025-03-08T02:55:44.893Z [INFO]: Incoming request: POST /api/v1/auth/login from IP: ::ffff:127.0.0.1
2025-03-08T02:55:44.993Z [WARN]: Login attempt failed: Incorrect password for email anudeepbonasu97@gmail.com from IP: ::ffff:127.0.0.1
2025-03-08T02:55:45.459Z [INFO]: Incoming request: POST /api/v1/auth/login from IP: ::ffff:127.0.0.1
2025-03-08T02:55:45.544Z [WARN]: Login attempt failed: Incorrect password for email anudeepbonasu97@gmail.com from IP: ::ffff:127.0.0.1
2025-03-08T02:55:46.026Z [INFO]: Incoming request: POST /api/v1/auth/login from IP: ::ffff:127.0.0.1
2025-03-08T02:55:47.092Z [INFO]: Incoming request: POST /api/v1/auth/login from IP: ::ffff:127.0.0.1
2025-03-08T02:57:54.236Z [WARN]: Login attempt failed: Incorrect password for email anudeepbonasu97@gmail.com from IP: ::ffff:127.0.0.1
2025-03-08T02:57:55.392Z [WARN]: Login attempt failed: Incorrect password for email anudeepbonasu97@gmail.com from IP: ::ffff:127.0.0.1
2025-03-08T02:57:56.503Z [WARN]: Login attempt failed: Incorrect password for email anudeepbonasu97@gmail.com from IP: ::ffff:127.0.0.1
2025-03-08T02:57:58.632Z [WARN]: Login attempt failed: Incorrect password for email anudeepbonasu97@gmail.com from IP: ::ffff:127.0.0.1
2025-03-08T02:58:02.116Z [WARN]: Login attempt failed: Incorrect password for email anudeepbonasu97@gmail.com from IP: ::ffff:127.0.0.1
2025-03-08T02:59:21.565Z [WARN]: Login attempt failed: Incorrect password for email anudeepbonasu97@gmail.com from IP: ::ffff:127.0.0.1
2025-03-08T02:59:40.902Z [WARN]: Login attempt failed: Incorrect password for email anudeepbonasu97@gmail.com from IP: ::ffff:127.0.0.1
2025-03-08T03:01:01.995Z [WARN]: Login attempt failed: Incorrect password for email anudeepbonasu97@gmail.com from IP: ::ffff:127.0.0.1
2025-03-08T03:01:05.224Z [WARN]: Login attempt failed: Incorrect password for email anudeepbonasu97@gmail.com from IP: ::ffff:127.0.0.1
2025-03-08T03:01:05.979Z [WARN]: Login attempt failed: Incorrect password for email anudeepbonasu97@gmail.com from IP: ::ffff:127.0.0.1
2025-03-08T03:01:06.539Z [WARN]: Login attempt failed: Incorrect password for email anudeepbonasu97@gmail.com from IP: ::ffff:127.0.0.1
2025-03-08T03:01:06.866Z [WARN]: Login attempt failed: Incorrect password for email anudeepbonasu97@gmail.com from IP: ::ffff:127.0.0.1
2025-03-08T03:44:14.770Z [WARN]: Login attempt failed: Incorrect password for email anudeepbonasu97@gmail.com from IP: ::ffff:127.0.0.1
2025-03-08T03:44:29.892Z [INFO]: User with email anudeepbonasu97@gmail.com logged in successfully from IP: ::ffff:127.0.0.1
2025-03-08T03:45:01.501Z [WARN]: Unauthorized access attempt by user ID 8f76cc74-1a14-45b9-a28e-8ebec74e3ef0 with role admin
2025-03-08T23:08:41.518Z [INFO]: New client registered: john.doe@example.com
2025-03-08T23:10:54.205Z [INFO]: New trainer registered (awaiting approval): alice.trainer@example.com
2025-03-08T23:12:23.012Z [INFO]: User with email anudeepbonasu97@gmail.com logged in successfully from IP: ::ffff:127.0.0.1
2025-03-08T23:18:17.228Z [INFO]: User with email alice.trainer@example.com logged in successfully from IP: ::ffff:127.0.0.1
2025-03-10T03:23:43.237Z [INFO]: User with email alice.trainer@example.com logged in successfully from IP: ::ffff:127.0.0.1
2025-03-10T03:43:57.376Z [ERROR]: ReferenceError: validationResult is not defined
    at C:\Users\surya\Documents\virtu\virtu-backend\routes\courseRoutes.js:29:20
    at Layer.handle [as handle_request] (C:\Users\surya\Documents\virtu\virtu-backend\node_modules\express\lib\router\layer.js:95:5)
    at next (C:\Users\surya\Documents\virtu\virtu-backend\node_modules\express\lib\router\route.js:149:13)
    at middleware (C:\Users\surya\Documents\virtu\virtu-backend\node_modules\express-validator\lib\middlewares\check.js:16:13)
    at process.processTicksAndRejections (node:internal/process/task_queues:105:5)
